<?xml version="1.0" encoding="UTF-8"?>
<testsuite xmlns:xsi="http://www.w3.org/2001/XMLSchema-instance" xsi:noNamespaceSchemaLocation="https://maven.apache.org/surefire/maven-surefire-plugin/xsd/surefire-test-report.xsd" name="com.github.themeetgroup.kafka.connect.rabbitmq.source.data.MessageConverterTest" time="0.268" tests="12" errors="0" skipped="0" failures="0">
  <properties>
[...]
</properties>
  <testcase name="envelope" classname="com.github.themeetgroup.kafka.connect.rabbitmq.source.data.MessageConverterTest" time="0.07"/>
  <testcase name="basicPropertiesNull" classname="com.github.themeetgroup.kafka.connect.rabbitmq.source.data.MessageConverterTest" time="0.002"/>
  <testcase name="headers[1]" classname="com.github.themeetgroup.kafka.connect.rabbitmq.source.data.MessageConverterTest" time="0.162"/>
  <testcase name="headers[2]" classname="com.github.themeetgroup.kafka.connect.rabbitmq.source.data.MessageConverterTest" time="0.001"/>
  <testcase name="headers[3]" classname="com.github.themeetgroup.kafka.connect.rabbitmq.source.data.MessageConverterTest" time="0.001"/>
  <testcase name="headers[4]" classname="com.github.themeetgroup.kafka.connect.rabbitmq.source.data.MessageConverterTest" time="0.001"/>
  <testcase name="headers[5]" classname="com.github.themeetgroup.kafka.connect.rabbitmq.source.data.MessageConverterTest" time="0.002"/>
  <testcase name="headers[6]" classname="com.github.themeetgroup.kafka.connect.rabbitmq.source.data.MessageConverterTest" time="0.002"/>
  <testcase name="headers[7]" classname="com.github.themeetgroup.kafka.connect.rabbitmq.source.data.MessageConverterTest" time="0.001"/>
  <testcase name="headers[8]" classname="com.github.themeetgroup.kafka.connect.rabbitmq.source.data.MessageConverterTest" time="0.001"/>
  <testcase name="headers[9]" classname="com.github.themeetgroup.kafka.connect.rabbitmq.source.data.MessageConverterTest" time="0.013"/>
  <testcase name="headers[10]" classname="com.github.themeetgroup.kafka.connect.rabbitmq.source.data.MessageConverterTest" time="0.002"/>
</testsuite>